# JRE version: Java(TM) SE Runtime Environment (8.0_112-b16) (build 1.8.0_112-b16)
# Java VM: Java HotSpot(TM) 64-Bit Server VM (25.112-b16 mixed mode bsd-amd64 compressed oops)
Heap:
 PSYoungGen      total 20992K, used 14760K [0x0000000715580000, 0x0000000717600000, 0x00000007c0000000)
  eden space 18944K, 68% used [0x0000000715580000,0x0000000716215818,0x0000000716800000)
  from space 2048K, 91% used [0x0000000716880000,0x0000000716a54978,0x0000000716a80000)
  to   space 7168K, 0% used [0x0000000716f00000,0x0000000716f00000,0x0000000717600000)
 ParOldGen       total 22016K, used 14252K [0x00000005c0000000, 0x00000005c1580000, 0x0000000715580000)
  object space 22016K, 64% used [0x00000005c0000000,0x00000005c0deb190,0x00000005c1580000)
 Metaspace       used 31674K, capacity 31938K, committed 32384K, reserved 1077248K
  class space    used 4234K, capacity 4357K, committed 4480K, reserved 1048576K
GC Heap History (10 events):
Event: 1216.511 GC heap before
{Heap before GC invocations=24 (full 1):
 PSYoungGen      total 28160K, used 23136K [0x0000000715580000, 0x0000000717880000, 0x00000007c0000000)
  eden space 21504K, 100% used [0x0000000715580000,0x0000000716a80000,0x0000000716a80000)
  from space 6656K, 24% used [0x0000000717200000,0x0000000717398000,0x0000000717880000)
  to   space 7168K, 0% used [0x0000000716a80000,0x0000000716a80000,0x0000000717180000)
 ParOldGen       total 22016K, used 13732K [0x00000005c0000000, 0x00000005c1580000, 0x0000000715580000)
  object space 22016K, 62% used [0x00000005c0000000,0x00000005c0d69190,0x00000005c1580000)
 Metaspace       used 31656K, capacity 31938K, committed 32384K, reserved 1077248K
  class space    used 4233K, capacity 4357K, committed 4480K, reserved 1048576K
Event: 1216.513 GC heap after
Heap after GC invocations=24 (full 1):
 PSYoungGen      total 23040K, used 1632K [0x0000000715580000, 0x0000000717800000, 0x00000007c0000000)
  eden space 20992K, 0% used [0x0000000715580000,0x0000000715580000,0x0000000716a00000)
  from space 2048K, 79% used [0x0000000716a80000,0x0000000716c18000,0x0000000716c80000)
  to   space 7168K, 0% used [0x0000000717100000,0x0000000717100000,0x0000000717800000)
 ParOldGen       total 22016K, used 13876K [0x00000005c0000000, 0x00000005c1580000, 0x0000000715580000)
  object space 22016K, 63% used [0x00000005c0000000,0x00000005c0d8d190,0x00000005c1580000)
 Metaspace       used 31656K, capacity 31938K, committed 32384K, reserved 1077248K
  class space    used 4233K, capacity 4357K, committed 4480K, reserved 1048576K
}
Event: 1285.343 GC heap before
{Heap before GC invocations=25 (full 1):
 PSYoungGen      total 23040K, used 22624K [0x0000000715580000, 0x0000000717800000, 0x00000007c0000000)
  eden space 20992K, 100% used [0x0000000715580000,0x0000000716a00000,0x0000000716a00000)
  from space 2048K, 79% used [0x0000000716a80000,0x0000000716c18000,0x0000000716c80000)
  to   space 7168K, 0% used [0x0000000717100000,0x0000000717100000,0x0000000717800000)
 ParOldGen       total 22016K, used 13876K [0x00000005c0000000, 0x00000005c1580000, 0x0000000715580000)
  object space 22016K, 63% used [0x00000005c0000000,0x00000005c0d8d190,0x00000005c1580000)
 Metaspace       used 31658K, capacity 31938K, committed 32384K, reserved 1077248K
  class space    used 4233K, capacity 4357K, committed 4480K, reserved 1048576K
Event: 1285.345 GC heap after
Heap after GC invocations=25 (full 1):
 PSYoungGen      total 27136K, used 1824K [0x0000000715580000, 0x0000000717780000, 0x00000007c0000000)
  eden space 20480K, 0% used [0x0000000715580000,0x0000000715580000,0x0000000716980000)
  from space 6656K, 27% used [0x0000000717100000,0x00000007172c8010,0x0000000717780000)
  to   space 7168K, 0% used [0x0000000716980000,0x0000000716980000,0x0000000717080000)
 ParOldGen       total 22016K, used 13988K [0x00000005c0000000, 0x00000005c1580000, 0x0000000715580000)
  object space 22016K, 63% used [0x00000005c0000000,0x00000005c0da9190,0x00000005c1580000)
 Metaspace       used 31658K, capacity 31938K, committed 32384K, reserved 1077248K
  class space    used 4233K, capacity 4357K, committed 4480K, reserved 1048576K
}
Event: 1350.229 GC heap before
{Heap before GC invocations=26 (full 1):
 PSYoungGen      total 27136K, used 22304K [0x0000000715580000, 0x0000000717780000, 0x00000007c0000000)
  eden space 20480K, 100% used [0x0000000715580000,0x0000000716980000,0x0000000716980000)
  from space 6656K, 27% used [0x0000000717100000,0x00000007172c8010,0x0000000717780000)
  to   space 7168K, 0% used [0x0000000716980000,0x0000000716980000,0x0000000717080000)
 ParOldGen       total 22016K, used 13988K [0x00000005c0000000, 0x00000005c1580000, 0x0000000715580000)
  object space 22016K, 63% used [0x00000005c0000000,0x00000005c0da9190,0x00000005c1580000)
 Metaspace       used 31660K, capacity 31938K, committed 32384K, reserved 1077248K
  class space    used 4233K, capacity 4357K, committed 4480K, reserved 1048576K
Event: 1350.233 GC heap after
Heap after GC invocations=26 (full 1):
 PSYoungGen      total 22016K, used 1714K [0x0000000715580000, 0x0000000717700000, 0x00000007c0000000)
  eden space 19968K, 0% used [0x0000000715580000,0x0000000715580000,0x0000000716900000)
  from space 2048K, 83% used [0x0000000716980000,0x0000000716b2c978,0x0000000716b80000)
  to   space 7168K, 0% used [0x0000000717000000,0x0000000717000000,0x0000000717700000)
 ParOldGen       total 22016K, used 14076K [0x00000005c0000000, 0x00000005c1580000, 0x0000000715580000)
  object space 22016K, 63% used [0x00000005c0000000,0x00000005c0dbf190,0x00000005c1580000)
 Metaspace       used 31660K, capacity 31938K, committed 32384K, reserved 1077248K
  class space    used 4233K, capacity 4357K, committed 4480K, reserved 1048576K
}
Event: 1412.487 GC heap before
{Heap before GC invocations=27 (full 1):
 PSYoungGen      total 22016K, used 21682K [0x0000000715580000, 0x0000000717700000, 0x00000007c0000000)
  eden space 19968K, 100% used [0x0000000715580000,0x0000000716900000,0x0000000716900000)
  from space 2048K, 83% used [0x0000000716980000,0x0000000716b2c978,0x0000000716b80000)
  to   space 7168K, 0% used [0x0000000717000000,0x0000000717000000,0x0000000717700000)
 ParOldGen       total 22016K, used 14076K [0x00000005c0000000, 0x00000005c1580000, 0x0000000715580000)
  object space 22016K, 63% used [0x00000005c0000000,0x00000005c0dbf190,0x00000005c1580000)
 Metaspace       used 31671K, capacity 31938K, committed 32384K, reserved 1077248K
  class space    used 4234K, capacity 4357K, committed 4480K, reserved 1048576K
Event: 1412.490 GC heap after
Heap after GC invocations=27 (full 1):
 PSYoungGen      total 26112K, used 1824K [0x0000000715580000, 0x0000000717680000, 0x00000007c0000000)
  eden space 19456K, 0% used [0x0000000715580000,0x0000000715580000,0x0000000716880000)
  from space 6656K, 27% used [0x0000000717000000,0x00000007171c8000,0x0000000717680000)
  to   space 7168K, 0% used [0x0000000716880000,0x0000000716880000,0x0000000716f80000)
 ParOldGen       total 22016K, used 14172K [0x00000005c0000000, 0x00000005c1580000, 0x0000000715580000)
  object space 22016K, 64% used [0x00000005c0000000,0x00000005c0dd7190,0x00000005c1580000)
 Metaspace       used 31671K, capacity 31938K, committed 32384K, reserved 1077248K
  class space    used 4234K, capacity 4357K, committed 4480K, reserved 1048576K
}
Event: 1480.419 GC heap before
{Heap before GC invocations=28 (full 1):
 PSYoungGen      total 26112K, used 21280K [0x0000000715580000, 0x0000000717680000, 0x00000007c0000000)
  eden space 19456K, 100% used [0x0000000715580000,0x0000000716880000,0x0000000716880000)
  from space 6656K, 27% used [0x0000000717000000,0x00000007171c8000,0x0000000717680000)
  to   space 7168K, 0% used [0x0000000716880000,0x0000000716880000,0x0000000716f80000)
 ParOldGen       total 22016K, used 14172K [0x00000005c0000000, 0x00000005c1580000, 0x0000000715580000)
  object space 22016K, 64% used [0x00000005c0000000,0x00000005c0dd7190,0x00000005c1580000)
 Metaspace       used 31673K, capacity 31938K, committed 32384K, reserved 1077248K
  class space    used 4234K, capacity 4357K, committed 4480K, reserved 1048576K
Event: 1480.422 GC heap after
Heap after GC invocations=28 (full 1):
 PSYoungGen      total 20992K, used 1874K [0x0000000715580000, 0x0000000717600000, 0x00000007c0000000)
  eden space 18944K, 0% used [0x0000000715580000,0x0000000715580000,0x0000000716800000)
  from space 2048K, 91% used [0x0000000716880000,0x0000000716a54978,0x0000000716a80000)
  to   space 7168K, 0% used [0x0000000716f00000,0x0000000716f00000,0x0000000717600000)
 ParOldGen       total 22016K, used 14252K [0x00000005c0000000, 0x00000005c1580000, 0x0000000715580000)
  object space 22016K, 64% used [0x00000005c0000000,0x00000005c0deb190,0x00000005c1580000)
 Metaspace       used 31673K, capacity 31938K, committed 32384K, reserved 1077248K
  class space    used 4234K, capacity 4357K, committed 4480K, reserved 1048576K
}

