# JRE version: Java(TM) SE Runtime Environment (8.0_112-b16) (build 1.8.0_112-b16)
# Java VM: Java HotSpot(TM) 64-Bit Server VM (25.112-b16 mixed mode bsd-amd64 compressed oops)
Heap:
 PSYoungGen      total 9728K, used 5016K [0x000000066ab00000, 0x000000066be00000, 0x00000007c0000000)
  eden space 8704K, 46% used [0x000000066ab00000,0x000000066aeebda8,0x000000066b380000)
  from space 1024K, 97% used [0x000000066b480000,0x000000066b57a370,0x000000066b580000)
  to   space 1024K, 0% used [0x000000066b380000,0x000000066b380000,0x000000066b480000)
 ParOldGen       total 22016K, used 3931K [0x00000003c0000000, 0x00000003c1580000, 0x000000066ab00000)
  object space 22016K, 17% used [0x00000003c0000000,0x00000003c03d6d88,0x00000003c1580000)
 Metaspace       used 19161K, capacity 19372K, committed 19712K, reserved 1067008K
  class space    used 2889K, capacity 2957K, committed 3072K, reserved 1048576K
GC Heap History (4 events):
Event: 0.540 GC heap before
{Heap before GC invocations=1 (full 0):
 PSYoungGen      total 9728K, used 8704K [0x000000066ab00000, 0x000000066b580000, 0x00000007c0000000)
  eden space 8704K, 100% used [0x000000066ab00000,0x000000066b380000,0x000000066b380000)
  from space 1024K, 0% used [0x000000066b480000,0x000000066b480000,0x000000066b580000)
  to   space 1024K, 0% used [0x000000066b380000,0x000000066b380000,0x000000066b480000)
 ParOldGen       total 22016K, used 0K [0x00000003c0000000, 0x00000003c1580000, 0x000000066ab00000)
  object space 22016K, 0% used [0x00000003c0000000,0x00000003c0000000,0x00000003c1580000)
 Metaspace       used 15709K, capacity 15900K, committed 16128K, reserved 1062912K
  class space    used 2369K, capacity 2441K, committed 2560K, reserved 1048576K
Event: 0.543 GC heap after
Heap after GC invocations=1 (full 0):
 PSYoungGen      total 9728K, used 992K [0x000000066ab00000, 0x000000066b580000, 0x00000007c0000000)
  eden space 8704K, 0% used [0x000000066ab00000,0x000000066ab00000,0x000000066b380000)
  from space 1024K, 96% used [0x000000066b380000,0x000000066b478020,0x000000066b480000)
  to   space 1024K, 0% used [0x000000066b480000,0x000000066b480000,0x000000066b580000)
 ParOldGen       total 22016K, used 1786K [0x00000003c0000000, 0x00000003c1580000, 0x000000066ab00000)
  object space 22016K, 8% used [0x00000003c0000000,0x00000003c01beb68,0x00000003c1580000)
 Metaspace       used 15709K, capacity 15900K, committed 16128K, reserved 1062912K
  class space    used 2369K, capacity 2441K, committed 2560K, reserved 1048576K
}
Event: 0.786 GC heap before
{Heap before GC invocations=2 (full 0):
 PSYoungGen      total 9728K, used 9696K [0x000000066ab00000, 0x000000066b580000, 0x00000007c0000000)
  eden space 8704K, 100% used [0x000000066ab00000,0x000000066b380000,0x000000066b380000)
  from space 1024K, 96% used [0x000000066b380000,0x000000066b478020,0x000000066b480000)
  to   space 1024K, 0% used [0x000000066b480000,0x000000066b480000,0x000000066b580000)
 ParOldGen       total 22016K, used 1786K [0x00000003c0000000, 0x00000003c1580000, 0x000000066ab00000)
  object space 22016K, 8% used [0x00000003c0000000,0x00000003c01beb68,0x00000003c1580000)
 Metaspace       used 18320K, capacity 18540K, committed 18816K, reserved 1064960K
  class space    used 2751K, capacity 2829K, committed 2944K, reserved 1048576K
Event: 0.791 GC heap after
Heap after GC invocations=2 (full 0):
 PSYoungGen      total 9728K, used 1000K [0x000000066ab00000, 0x000000066be00000, 0x00000007c0000000)
  eden space 8704K, 0% used [0x000000066ab00000,0x000000066ab00000,0x000000066b380000)
  from space 1024K, 97% used [0x000000066b480000,0x000000066b57a370,0x000000066b580000)
  to   space 1024K, 0% used [0x000000066b380000,0x000000066b380000,0x000000066b480000)
 ParOldGen       total 22016K, used 3931K [0x00000003c0000000, 0x00000003c1580000, 0x000000066ab00000)
  object space 22016K, 17% used [0x00000003c0000000,0x00000003c03d6d88,0x00000003c1580000)
 Metaspace       used 18320K, capacity 18540K, committed 18816K, reserved 1064960K
  class space    used 2751K, capacity 2829K, committed 2944K, reserved 1048576K
}

